2018-02-07T05:31:04+00:00 CRITICAL Uncaught Error: Call to undefined function request_filesystem_credentials() in /var/www/html/wp-admin/includes/class-wp-upgrader-skin.php:93
Stack trace:
#0 /var/www/html/wp-admin/includes/class-automatic-upgrader-skin.php(47): WP_Upgrader_Skin->request_filesystem_credentials(false, '/var/www/html/', true)
#1 /var/www/html/wp-admin/includes/class-wp-automatic-updater.php(144): Automatic_Upgrader_Skin->request_filesystem_credentials(false, '/var/www/html/', true)
#2 /var/www/html/wp-admin/includes/update.php(85): WP_Automatic_Updater->should_update('core', Object(stdClass), '/var/www/html/')
#3 /var/www/html/wp-includes/update.php(215): find_core_auto_update()
#4 /var/www/html/wp-includes/class-wp-hook.php(286): wp_version_check()
#5 /var/www/html/wp-includes/class-wp-hook.php(310): WP_Hook->apply_filters('', Array)
#6 /var/www/html/wp-includes/plugin.php(515): WP_Hook->do_action(Array)
#7 /var/www/html/wp-cron.php(126): do_action_ref_array('wp_version_chec...', Array)
#8 {main}
  thrown

2018-02-07T12:52:10+00:00 CRITICAL Uncaught Error: Call to undefined function request_filesystem_credentials() in /var/www/html/wp-admin/includes/class-wp-upgrader-skin.php:93
Stack trace:
#0 /var/www/html/wp-admin/includes/class-automatic-upgrader-skin.php(47): WP_Upgrader_Skin->request_filesystem_credentials(false, '/var/www/html/', true)
#1 /var/www/html/wp-admin/includes/class-wp-automatic-updater.php(144): Automatic_Upgrader_Skin->request_filesystem_credentials(false, '/var/www/html/', true)
#2 /var/www/html/wp-admin/includes/update.php(85): WP_Automatic_Updater->should_update('core', Object(stdClass), '/var/www/html/')
#3 /var/www/html/wp-includes/update.php(215): find_core_auto_update()
#4 /var/www/html/wp-includes/class-wp-hook.php(286): wp_version_check()
#5 /var/www/html/wp-includes/class-wp-hook.php(310): WP_Hook->apply_filters('', Array)
#6 /var/www/html/wp-includes/plugin.php(515): WP_Hook->do_action(Array)
#7 /var/www/html/wp-cron.php(126): do_action_ref_array('wp_version_chec...', Array)
#8 {main}
  thrown

2018-02-08T02:48:31+00:00 CRITICAL Uncaught Error: Call to undefined function request_filesystem_credentials() in /var/www/html/wp-admin/includes/class-wp-upgrader-skin.php:93
Stack trace:
#0 /var/www/html/wp-admin/includes/class-automatic-upgrader-skin.php(47): WP_Upgrader_Skin->request_filesystem_credentials(false, '/var/www/html/', true)
#1 /var/www/html/wp-admin/includes/class-wp-automatic-updater.php(144): Automatic_Upgrader_Skin->request_filesystem_credentials(false, '/var/www/html/', true)
#2 /var/www/html/wp-admin/includes/update.php(85): WP_Automatic_Updater->should_update('core', Object(stdClass), '/var/www/html/')
#3 /var/www/html/wp-includes/update.php(215): find_core_auto_update()
#4 /var/www/html/wp-includes/class-wp-hook.php(286): wp_version_check()
#5 /var/www/html/wp-includes/class-wp-hook.php(310): WP_Hook->apply_filters('', Array)
#6 /var/www/html/wp-includes/plugin.php(515): WP_Hook->do_action(Array)
#7 /var/www/html/wp-cron.php(126): do_action_ref_array('wp_version_chec...', Array)
#8 {main}
  thrown

2018-02-08T16:34:28+00:00 CRITICAL Uncaught Error: Call to undefined function request_filesystem_credentials() in /var/www/html/wp-admin/includes/class-wp-upgrader-skin.php:93
Stack trace:
#0 /var/www/html/wp-admin/includes/class-automatic-upgrader-skin.php(47): WP_Upgrader_Skin->request_filesystem_credentials(false, '/var/www/html/', true)
#1 /var/www/html/wp-admin/includes/class-wp-automatic-updater.php(144): Automatic_Upgrader_Skin->request_filesystem_credentials(false, '/var/www/html/', true)
#2 /var/www/html/wp-admin/includes/update.php(85): WP_Automatic_Updater->should_update('core', Object(stdClass), '/var/www/html/')
#3 /var/www/html/wp-includes/update.php(215): find_core_auto_update()
#4 /var/www/html/wp-includes/class-wp-hook.php(286): wp_version_check()
#5 /var/www/html/wp-includes/class-wp-hook.php(310): WP_Hook->apply_filters('', Array)
#6 /var/www/html/wp-includes/plugin.php(515): WP_Hook->do_action(Array)
#7 /var/www/html/wp-cron.php(126): do_action_ref_array('wp_version_chec...', Array)
#8 {main}
  thrown

2018-02-09T02:49:37+00:00 CRITICAL Uncaught Error: Call to undefined function request_filesystem_credentials() in /var/www/html/wp-admin/includes/class-wp-upgrader-skin.php:93
Stack trace:
#0 /var/www/html/wp-admin/includes/class-automatic-upgrader-skin.php(47): WP_Upgrader_Skin->request_filesystem_credentials(false, '/var/www/html/', true)
#1 /var/www/html/wp-admin/includes/class-wp-automatic-updater.php(144): Automatic_Upgrader_Skin->request_filesystem_credentials(false, '/var/www/html/', true)
#2 /var/www/html/wp-admin/includes/update.php(85): WP_Automatic_Updater->should_update('core', Object(stdClass), '/var/www/html/')
#3 /var/www/html/wp-includes/update.php(215): find_core_auto_update()
#4 /var/www/html/wp-includes/class-wp-hook.php(286): wp_version_check()
#5 /var/www/html/wp-includes/class-wp-hook.php(310): WP_Hook->apply_filters('', Array)
#6 /var/www/html/wp-includes/plugin.php(515): WP_Hook->do_action(Array)
#7 /var/www/html/wp-cron.php(126): do_action_ref_array('wp_version_chec...', Array)
#8 {main}
  thrown

2018-02-09T13:14:14+00:00 CRITICAL Uncaught Error: Call to undefined function request_filesystem_credentials() in /var/www/html/wp-admin/includes/class-wp-upgrader-skin.php:93
Stack trace:
#0 /var/www/html/wp-admin/includes/class-automatic-upgrader-skin.php(47): WP_Upgrader_Skin->request_filesystem_credentials(false, '/var/www/html/', true)
#1 /var/www/html/wp-admin/includes/class-wp-automatic-updater.php(144): Automatic_Upgrader_Skin->request_filesystem_credentials(false, '/var/www/html/', true)
#2 /var/www/html/wp-admin/includes/update.php(85): WP_Automatic_Updater->should_update('core', Object(stdClass), '/var/www/html/')
#3 /var/www/html/wp-includes/update.php(215): find_core_auto_update()
#4 /var/www/html/wp-includes/class-wp-hook.php(286): wp_version_check()
#5 /var/www/html/wp-includes/class-wp-hook.php(310): WP_Hook->apply_filters('', Array)
#6 /var/www/html/wp-includes/plugin.php(515): WP_Hook->do_action(Array)
#7 /var/www/html/wp-cron.php(126): do_action_ref_array('wp_version_chec...', Array)
#8 {main}
  thrown

2018-02-10T02:56:10+00:00 CRITICAL Uncaught Error: Call to undefined function request_filesystem_credentials() in /var/www/html/wp-admin/includes/class-wp-upgrader-skin.php:93
Stack trace:
#0 /var/www/html/wp-admin/includes/class-automatic-upgrader-skin.php(47): WP_Upgrader_Skin->request_filesystem_credentials(false, '/var/www/html/', true)
#1 /var/www/html/wp-admin/includes/class-wp-automatic-updater.php(144): Automatic_Upgrader_Skin->request_filesystem_credentials(false, '/var/www/html/', true)
#2 /var/www/html/wp-admin/includes/update.php(85): WP_Automatic_Updater->should_update('core', Object(stdClass), '/var/www/html/')
#3 /var/www/html/wp-includes/update.php(215): find_core_auto_update()
#4 /var/www/html/wp-includes/class-wp-hook.php(286): wp_version_check()
#5 /var/www/html/wp-includes/class-wp-hook.php(310): WP_Hook->apply_filters('', Array)
#6 /var/www/html/wp-includes/plugin.php(515): WP_Hook->do_action(Array)
#7 /var/www/html/wp-cron.php(126): do_action_ref_array('wp_version_chec...', Array)
#8 {main}
  thrown

2018-02-10T15:00:40+00:00 CRITICAL Uncaught Error: Call to undefined function request_filesystem_credentials() in /var/www/html/wp-admin/includes/class-wp-upgrader-skin.php:93
Stack trace:
#0 /var/www/html/wp-admin/includes/class-automatic-upgrader-skin.php(47): WP_Upgrader_Skin->request_filesystem_credentials(false, '/var/www/html/', true)
#1 /var/www/html/wp-admin/includes/class-wp-automatic-updater.php(144): Automatic_Upgrader_Skin->request_filesystem_credentials(false, '/var/www/html/', true)
#2 /var/www/html/wp-admin/includes/update.php(85): WP_Automatic_Updater->should_update('core', Object(stdClass), '/var/www/html/')
#3 /var/www/html/wp-includes/update.php(215): find_core_auto_update()
#4 /var/www/html/wp-includes/class-wp-hook.php(286): wp_version_check()
#5 /var/www/html/wp-includes/class-wp-hook.php(310): WP_Hook->apply_filters('', Array)
#6 /var/www/html/wp-includes/plugin.php(515): WP_Hook->do_action(Array)
#7 /var/www/html/wp-cron.php(126): do_action_ref_array('wp_version_chec...', Array)
#8 {main}
  thrown

2018-02-11T03:46:30+00:00 CRITICAL Uncaught Error: Call to undefined function request_filesystem_credentials() in /var/www/html/wp-admin/includes/class-wp-upgrader-skin.php:93
Stack trace:
#0 /var/www/html/wp-admin/includes/class-automatic-upgrader-skin.php(47): WP_Upgrader_Skin->request_filesystem_credentials(false, '/var/www/html/', true)
#1 /var/www/html/wp-admin/includes/class-wp-automatic-updater.php(144): Automatic_Upgrader_Skin->request_filesystem_credentials(false, '/var/www/html/', true)
#2 /var/www/html/wp-admin/includes/update.php(85): WP_Automatic_Updater->should_update('core', Object(stdClass), '/var/www/html/')
#3 /var/www/html/wp-includes/update.php(215): find_core_auto_update()
#4 /var/www/html/wp-includes/class-wp-hook.php(286): wp_version_check()
#5 /var/www/html/wp-includes/class-wp-hook.php(310): WP_Hook->apply_filters('', Array)
#6 /var/www/html/wp-includes/plugin.php(515): WP_Hook->do_action(Array)
#7 /var/www/html/wp-cron.php(126): do_action_ref_array('wp_version_chec...', Array)
#8 {main}
  thrown

2018-02-11T19:24:34+00:00 CRITICAL Uncaught Error: Call to undefined function request_filesystem_credentials() in /var/www/html/wp-admin/includes/class-wp-upgrader-skin.php:93
Stack trace:
#0 /var/www/html/wp-admin/includes/class-automatic-upgrader-skin.php(47): WP_Upgrader_Skin->request_filesystem_credentials(false, '/var/www/html/', true)
#1 /var/www/html/wp-admin/includes/class-wp-automatic-updater.php(144): Automatic_Upgrader_Skin->request_filesystem_credentials(false, '/var/www/html/', true)
#2 /var/www/html/wp-admin/includes/update.php(85): WP_Automatic_Updater->should_update('core', Object(stdClass), '/var/www/html/')
#3 /var/www/html/wp-includes/update.php(215): find_core_auto_update()
#4 /var/www/html/wp-includes/class-wp-hook.php(286): wp_version_check()
#5 /var/www/html/wp-includes/class-wp-hook.php(310): WP_Hook->apply_filters('', Array)
#6 /var/www/html/wp-includes/plugin.php(515): WP_Hook->do_action(Array)
#7 /var/www/html/wp-cron.php(126): do_action_ref_array('wp_version_chec...', Array)
#8 {main}
  thrown

2018-02-12T01:21:55+00:00 CRITICAL Uncaught Error: Call to undefined function request_filesystem_credentials() in /var/www/html/wp-admin/includes/class-wp-upgrader-skin.php:93
Stack trace:
#0 /var/www/html/wp-admin/includes/class-automatic-upgrader-skin.php(47): WP_Upgrader_Skin->request_filesystem_credentials(false, '/var/www/html/', true)
#1 /var/www/html/wp-admin/includes/class-wp-automatic-updater.php(144): Automatic_Upgrader_Skin->request_filesystem_credentials(false, '/var/www/html/', true)
#2 /var/www/html/wp-admin/includes/update.php(85): WP_Automatic_Updater->should_update('core', Object(stdClass), '/var/www/html/')
#3 /var/www/html/wp-includes/update.php(215): find_core_auto_update()
#4 /var/www/html/wp-includes/class-wp-hook.php(286): wp_version_check()
#5 /var/www/html/wp-includes/class-wp-hook.php(310): WP_Hook->apply_filters('', Array)
#6 /var/www/html/wp-includes/plugin.php(515): WP_Hook->do_action(Array)
#7 /var/www/html/wp-cron.php(126): do_action_ref_array('wp_version_chec...', Array)
#8 {main}
  thrown

2018-02-12T14:37:42+00:00 CRITICAL Uncaught Error: Call to undefined function request_filesystem_credentials() in /var/www/html/wp-admin/includes/class-wp-upgrader-skin.php:93
Stack trace:
#0 /var/www/html/wp-admin/includes/class-automatic-upgrader-skin.php(47): WP_Upgrader_Skin->request_filesystem_credentials(false, '/var/www/html/', true)
#1 /var/www/html/wp-admin/includes/class-wp-automatic-updater.php(144): Automatic_Upgrader_Skin->request_filesystem_credentials(false, '/var/www/html/', true)
#2 /var/www/html/wp-admin/includes/update.php(85): WP_Automatic_Updater->should_update('core', Object(stdClass), '/var/www/html/')
#3 /var/www/html/wp-includes/update.php(215): find_core_auto_update()
#4 /var/www/html/wp-includes/class-wp-hook.php(286): wp_version_check()
#5 /var/www/html/wp-includes/class-wp-hook.php(310): WP_Hook->apply_filters('', Array)
#6 /var/www/html/wp-includes/plugin.php(515): WP_Hook->do_action(Array)
#7 /var/www/html/wp-cron.php(126): do_action_ref_array('wp_version_chec...', Array)
#8 {main}
  thrown

2018-02-13T03:48:09+00:00 CRITICAL Uncaught Error: Call to undefined function request_filesystem_credentials() in /var/www/html/wp-admin/includes/class-wp-upgrader-skin.php:93
Stack trace:
#0 /var/www/html/wp-admin/includes/class-automatic-upgrader-skin.php(47): WP_Upgrader_Skin->request_filesystem_credentials(false, '/var/www/html/', true)
#1 /var/www/html/wp-admin/includes/class-wp-automatic-updater.php(144): Automatic_Upgrader_Skin->request_filesystem_credentials(false, '/var/www/html/', true)
#2 /var/www/html/wp-admin/includes/update.php(85): WP_Automatic_Updater->should_update('core', Object(stdClass), '/var/www/html/')
#3 /var/www/html/wp-includes/update.php(215): find_core_auto_update()
#4 /var/www/html/wp-includes/class-wp-hook.php(286): wp_version_check()
#5 /var/www/html/wp-includes/class-wp-hook.php(310): WP_Hook->apply_filters('', Array)
#6 /var/www/html/wp-includes/plugin.php(515): WP_Hook->do_action(Array)
#7 /var/www/html/wp-cron.php(126): do_action_ref_array('wp_version_chec...', Array)
#8 {main}
  thrown

2018-02-13T13:21:48+00:00 CRITICAL Uncaught Error: Call to undefined function request_filesystem_credentials() in /var/www/html/wp-admin/includes/class-wp-upgrader-skin.php:93
Stack trace:
#0 /var/www/html/wp-admin/includes/class-automatic-upgrader-skin.php(47): WP_Upgrader_Skin->request_filesystem_credentials(false, '/var/www/html/', true)
#1 /var/www/html/wp-admin/includes/class-wp-automatic-updater.php(144): Automatic_Upgrader_Skin->request_filesystem_credentials(false, '/var/www/html/', true)
#2 /var/www/html/wp-admin/includes/update.php(85): WP_Automatic_Updater->should_update('core', Object(stdClass), '/var/www/html/')
#3 /var/www/html/wp-includes/update.php(215): find_core_auto_update()
#4 /var/www/html/wp-includes/class-wp-hook.php(286): wp_version_check()
#5 /var/www/html/wp-includes/class-wp-hook.php(310): WP_Hook->apply_filters('', Array)
#6 /var/www/html/wp-includes/plugin.php(515): WP_Hook->do_action(Array)
#7 /var/www/html/wp-cron.php(126): do_action_ref_array('wp_version_chec...', Array)
#8 {main}
  thrown

2018-02-14T00:32:00+00:00 CRITICAL Uncaught Error: Call to undefined function request_filesystem_credentials() in /var/www/html/wp-admin/includes/class-wp-upgrader-skin.php:93
Stack trace:
#0 /var/www/html/wp-admin/includes/class-automatic-upgrader-skin.php(47): WP_Upgrader_Skin->request_filesystem_credentials(false, '/var/www/html/', true)
#1 /var/www/html/wp-admin/includes/class-wp-automatic-updater.php(144): Automatic_Upgrader_Skin->request_filesystem_credentials(false, '/var/www/html/', true)
#2 /var/www/html/wp-admin/includes/update.php(85): WP_Automatic_Updater->should_update('core', Object(stdClass), '/var/www/html/')
#3 /var/www/html/wp-includes/update.php(215): find_core_auto_update()
#4 /var/www/html/wp-includes/class-wp-hook.php(286): wp_version_check()
#5 /var/www/html/wp-includes/class-wp-hook.php(310): WP_Hook->apply_filters('', Array)
#6 /var/www/html/wp-includes/plugin.php(515): WP_Hook->do_action(Array)
#7 /var/www/html/wp-cron.php(126): do_action_ref_array('wp_version_chec...', Array)
#8 {main}
  thrown

2018-02-14T13:34:03+00:00 CRITICAL Uncaught Error: Call to undefined function request_filesystem_credentials() in /var/www/html/wp-admin/includes/class-wp-upgrader-skin.php:93
Stack trace:
#0 /var/www/html/wp-admin/includes/class-automatic-upgrader-skin.php(47): WP_Upgrader_Skin->request_filesystem_credentials(false, '/var/www/html/', true)
#1 /var/www/html/wp-admin/includes/class-wp-automatic-updater.php(144): Automatic_Upgrader_Skin->request_filesystem_credentials(false, '/var/www/html/', true)
#2 /var/www/html/wp-admin/includes/update.php(85): WP_Automatic_Updater->should_update('core', Object(stdClass), '/var/www/html/')
#3 /var/www/html/wp-includes/update.php(215): find_core_auto_update()
#4 /var/www/html/wp-includes/class-wp-hook.php(286): wp_version_check()
#5 /var/www/html/wp-includes/class-wp-hook.php(310): WP_Hook->apply_filters('', Array)
#6 /var/www/html/wp-includes/plugin.php(515): WP_Hook->do_action(Array)
#7 /var/www/html/wp-cron.php(126): do_action_ref_array('wp_version_chec...', Array)
#8 {main}
  thrown

2018-02-15T02:16:33+00:00 CRITICAL Uncaught Error: Call to undefined function request_filesystem_credentials() in /var/www/html/wp-admin/includes/class-wp-upgrader-skin.php:93
Stack trace:
#0 /var/www/html/wp-admin/includes/class-automatic-upgrader-skin.php(47): WP_Upgrader_Skin->request_filesystem_credentials(false, '/var/www/html/', true)
#1 /var/www/html/wp-admin/includes/class-wp-automatic-updater.php(144): Automatic_Upgrader_Skin->request_filesystem_credentials(false, '/var/www/html/', true)
#2 /var/www/html/wp-admin/includes/update.php(85): WP_Automatic_Updater->should_update('core', Object(stdClass), '/var/www/html/')
#3 /var/www/html/wp-includes/update.php(215): find_core_auto_update()
#4 /var/www/html/wp-includes/class-wp-hook.php(286): wp_version_check()
#5 /var/www/html/wp-includes/class-wp-hook.php(310): WP_Hook->apply_filters('', Array)
#6 /var/www/html/wp-includes/plugin.php(515): WP_Hook->do_action(Array)
#7 /var/www/html/wp-cron.php(126): do_action_ref_array('wp_version_chec...', Array)
#8 {main}
  thrown

2018-02-15T13:25:44+00:00 CRITICAL Uncaught Error: Call to undefined function request_filesystem_credentials() in /var/www/html/wp-admin/includes/class-wp-upgrader-skin.php:93
Stack trace:
#0 /var/www/html/wp-admin/includes/class-automatic-upgrader-skin.php(47): WP_Upgrader_Skin->request_filesystem_credentials(false, '/var/www/html/', true)
#1 /var/www/html/wp-admin/includes/class-wp-automatic-updater.php(144): Automatic_Upgrader_Skin->request_filesystem_credentials(false, '/var/www/html/', true)
#2 /var/www/html/wp-admin/includes/update.php(85): WP_Automatic_Updater->should_update('core', Object(stdClass), '/var/www/html/')
#3 /var/www/html/wp-includes/update.php(215): find_core_auto_update()
#4 /var/www/html/wp-includes/class-wp-hook.php(286): wp_version_check()
#5 /var/www/html/wp-includes/class-wp-hook.php(310): WP_Hook->apply_filters('', Array)
#6 /var/www/html/wp-includes/plugin.php(515): WP_Hook->do_action(Array)
#7 /var/www/html/wp-cron.php(126): do_action_ref_array('wp_version_chec...', Array)
#8 {main}
  thrown

2018-02-16T02:06:51+00:00 CRITICAL Uncaught Error: Call to undefined function request_filesystem_credentials() in /var/www/html/wp-admin/includes/class-wp-upgrader-skin.php:93
Stack trace:
#0 /var/www/html/wp-admin/includes/class-automatic-upgrader-skin.php(47): WP_Upgrader_Skin->request_filesystem_credentials(false, '/var/www/html/', true)
#1 /var/www/html/wp-admin/includes/class-wp-automatic-updater.php(144): Automatic_Upgrader_Skin->request_filesystem_credentials(false, '/var/www/html/', true)
#2 /var/www/html/wp-admin/includes/update.php(85): WP_Automatic_Updater->should_update('core', Object(stdClass), '/var/www/html/')
#3 /var/www/html/wp-includes/update.php(215): find_core_auto_update()
#4 /var/www/html/wp-includes/class-wp-hook.php(286): wp_version_check()
#5 /var/www/html/wp-includes/class-wp-hook.php(310): WP_Hook->apply_filters('', Array)
#6 /var/www/html/wp-includes/plugin.php(515): WP_Hook->do_action(Array)
#7 /var/www/html/wp-cron.php(126): do_action_ref_array('wp_version_chec...', Array)
#8 {main}
  thrown

2018-02-16T12:37:19+00:00 CRITICAL Uncaught Error: Call to undefined function request_filesystem_credentials() in /var/www/html/wp-admin/includes/class-wp-upgrader-skin.php:93
Stack trace:
#0 /var/www/html/wp-admin/includes/class-automatic-upgrader-skin.php(47): WP_Upgrader_Skin->request_filesystem_credentials(false, '/var/www/html/', true)
#1 /var/www/html/wp-admin/includes/class-wp-automatic-updater.php(144): Automatic_Upgrader_Skin->request_filesystem_credentials(false, '/var/www/html/', true)
#2 /var/www/html/wp-admin/includes/update.php(85): WP_Automatic_Updater->should_update('core', Object(stdClass), '/var/www/html/')
#3 /var/www/html/wp-includes/update.php(215): find_core_auto_update()
#4 /var/www/html/wp-includes/class-wp-hook.php(286): wp_version_check()
#5 /var/www/html/wp-includes/class-wp-hook.php(310): WP_Hook->apply_filters('', Array)
#6 /var/www/html/wp-includes/plugin.php(515): WP_Hook->do_action(Array)
#7 /var/www/html/wp-cron.php(126): do_action_ref_array('wp_version_chec...', Array)
#8 {main}
  thrown

2018-02-17T00:32:43+00:00 CRITICAL Uncaught Error: Call to undefined function request_filesystem_credentials() in /var/www/html/wp-admin/includes/class-wp-upgrader-skin.php:93
Stack trace:
#0 /var/www/html/wp-admin/includes/class-automatic-upgrader-skin.php(47): WP_Upgrader_Skin->request_filesystem_credentials(false, '/var/www/html/', true)
#1 /var/www/html/wp-admin/includes/class-wp-automatic-updater.php(144): Automatic_Upgrader_Skin->request_filesystem_credentials(false, '/var/www/html/', true)
#2 /var/www/html/wp-admin/includes/update.php(85): WP_Automatic_Updater->should_update('core', Object(stdClass), '/var/www/html/')
#3 /var/www/html/wp-includes/update.php(215): find_core_auto_update()
#4 /var/www/html/wp-includes/class-wp-hook.php(286): wp_version_check()
#5 /var/www/html/wp-includes/class-wp-hook.php(310): WP_Hook->apply_filters('', Array)
#6 /var/www/html/wp-includes/plugin.php(515): WP_Hook->do_action(Array)
#7 /var/www/html/wp-cron.php(126): do_action_ref_array('wp_version_chec...', Array)
#8 {main}
  thrown

2018-02-17T13:04:03+00:00 CRITICAL Uncaught Error: Call to undefined function request_filesystem_credentials() in /var/www/html/wp-admin/includes/class-wp-upgrader-skin.php:93
Stack trace:
#0 /var/www/html/wp-admin/includes/class-automatic-upgrader-skin.php(47): WP_Upgrader_Skin->request_filesystem_credentials(false, '/var/www/html/', true)
#1 /var/www/html/wp-admin/includes/class-wp-automatic-updater.php(144): Automatic_Upgrader_Skin->request_filesystem_credentials(false, '/var/www/html/', true)
#2 /var/www/html/wp-admin/includes/update.php(85): WP_Automatic_Updater->should_update('core', Object(stdClass), '/var/www/html/')
#3 /var/www/html/wp-includes/update.php(215): find_core_auto_update()
#4 /var/www/html/wp-includes/class-wp-hook.php(286): wp_version_check()
#5 /var/www/html/wp-includes/class-wp-hook.php(310): WP_Hook->apply_filters('', Array)
#6 /var/www/html/wp-includes/plugin.php(515): WP_Hook->do_action(Array)
#7 /var/www/html/wp-cron.php(126): do_action_ref_array('wp_version_chec...', Array)
#8 {main}
  thrown

2018-02-18T05:58:35+00:00 CRITICAL Uncaught Error: Call to undefined function request_filesystem_credentials() in /var/www/html/wp-admin/includes/class-wp-upgrader-skin.php:93
Stack trace:
#0 /var/www/html/wp-admin/includes/class-automatic-upgrader-skin.php(47): WP_Upgrader_Skin->request_filesystem_credentials(false, '/var/www/html/', true)
#1 /var/www/html/wp-admin/includes/class-wp-automatic-updater.php(144): Automatic_Upgrader_Skin->request_filesystem_credentials(false, '/var/www/html/', true)
#2 /var/www/html/wp-admin/includes/update.php(85): WP_Automatic_Updater->should_update('core', Object(stdClass), '/var/www/html/')
#3 /var/www/html/wp-includes/update.php(215): find_core_auto_update()
#4 /var/www/html/wp-includes/class-wp-hook.php(286): wp_version_check()
#5 /var/www/html/wp-includes/class-wp-hook.php(310): WP_Hook->apply_filters('', Array)
#6 /var/www/html/wp-includes/plugin.php(515): WP_Hook->do_action(Array)
#7 /var/www/html/wp-cron.php(126): do_action_ref_array('wp_version_chec...', Array)
#8 {main}
  thrown

2018-02-18T13:57:00+00:00 CRITICAL Uncaught Error: Call to undefined function request_filesystem_credentials() in /var/www/html/wp-admin/includes/class-wp-upgrader-skin.php:93
Stack trace:
#0 /var/www/html/wp-admin/includes/class-automatic-upgrader-skin.php(47): WP_Upgrader_Skin->request_filesystem_credentials(false, '/var/www/html/', true)
#1 /var/www/html/wp-admin/includes/class-wp-automatic-updater.php(144): Automatic_Upgrader_Skin->request_filesystem_credentials(false, '/var/www/html/', true)
#2 /var/www/html/wp-admin/includes/update.php(85): WP_Automatic_Updater->should_update('core', Object(stdClass), '/var/www/html/')
#3 /var/www/html/wp-includes/update.php(215): find_core_auto_update()
#4 /var/www/html/wp-includes/class-wp-hook.php(286): wp_version_check()
#5 /var/www/html/wp-includes/class-wp-hook.php(310): WP_Hook->apply_filters('', Array)
#6 /var/www/html/wp-includes/plugin.php(515): WP_Hook->do_action(Array)
#7 /var/www/html/wp-cron.php(126): do_action_ref_array('wp_version_chec...', Array)
#8 {main}
  thrown

2018-02-19T01:39:03+00:00 CRITICAL Uncaught Error: Call to undefined function request_filesystem_credentials() in /var/www/html/wp-admin/includes/class-wp-upgrader-skin.php:93
Stack trace:
#0 /var/www/html/wp-admin/includes/class-automatic-upgrader-skin.php(47): WP_Upgrader_Skin->request_filesystem_credentials(false, '/var/www/html/', true)
#1 /var/www/html/wp-admin/includes/class-wp-automatic-updater.php(144): Automatic_Upgrader_Skin->request_filesystem_credentials(false, '/var/www/html/', true)
#2 /var/www/html/wp-admin/includes/update.php(85): WP_Automatic_Updater->should_update('core', Object(stdClass), '/var/www/html/')
#3 /var/www/html/wp-includes/update.php(215): find_core_auto_update()
#4 /var/www/html/wp-includes/class-wp-hook.php(286): wp_version_check()
#5 /var/www/html/wp-includes/class-wp-hook.php(310): WP_Hook->apply_filters('', Array)
#6 /var/www/html/wp-includes/plugin.php(515): WP_Hook->do_action(Array)
#7 /var/www/html/wp-cron.php(126): do_action_ref_array('wp_version_chec...', Array)
#8 {main}
  thrown

2018-02-19T13:03:24+00:00 CRITICAL Uncaught Error: Call to undefined function request_filesystem_credentials() in /var/www/html/wp-admin/includes/class-wp-upgrader-skin.php:93
Stack trace:
#0 /var/www/html/wp-admin/includes/class-automatic-upgrader-skin.php(47): WP_Upgrader_Skin->request_filesystem_credentials(false, '/var/www/html/', true)
#1 /var/www/html/wp-admin/includes/class-wp-automatic-updater.php(144): Automatic_Upgrader_Skin->request_filesystem_credentials(false, '/var/www/html/', true)
#2 /var/www/html/wp-admin/includes/update.php(85): WP_Automatic_Updater->should_update('core', Object(stdClass), '/var/www/html/')
#3 /var/www/html/wp-includes/update.php(215): find_core_auto_update()
#4 /var/www/html/wp-includes/class-wp-hook.php(286): wp_version_check()
#5 /var/www/html/wp-includes/class-wp-hook.php(310): WP_Hook->apply_filters('', Array)
#6 /var/www/html/wp-includes/plugin.php(515): WP_Hook->do_action(Array)
#7 /var/www/html/wp-cron.php(126): do_action_ref_array('wp_version_chec...', Array)
#8 {main}
  thrown

2018-02-20T03:30:41+00:00 CRITICAL Uncaught Error: Call to undefined function request_filesystem_credentials() in /var/www/html/wp-admin/includes/class-wp-upgrader-skin.php:93
Stack trace:
#0 /var/www/html/wp-admin/includes/class-automatic-upgrader-skin.php(47): WP_Upgrader_Skin->request_filesystem_credentials(false, '/var/www/html/', true)
#1 /var/www/html/wp-admin/includes/class-wp-automatic-updater.php(144): Automatic_Upgrader_Skin->request_filesystem_credentials(false, '/var/www/html/', true)
#2 /var/www/html/wp-admin/includes/update.php(85): WP_Automatic_Updater->should_update('core', Object(stdClass), '/var/www/html/')
#3 /var/www/html/wp-includes/update.php(215): find_core_auto_update()
#4 /var/www/html/wp-includes/class-wp-hook.php(286): wp_version_check()
#5 /var/www/html/wp-includes/class-wp-hook.php(310): WP_Hook->apply_filters('', Array)
#6 /var/www/html/wp-includes/plugin.php(515): WP_Hook->do_action(Array)
#7 /var/www/html/wp-cron.php(126): do_action_ref_array('wp_version_chec...', Array)
#8 {main}
  thrown

2018-02-20T16:29:22+00:00 CRITICAL Uncaught Error: Call to undefined function request_filesystem_credentials() in /var/www/html/wp-admin/includes/class-wp-upgrader-skin.php:93
Stack trace:
#0 /var/www/html/wp-admin/includes/class-automatic-upgrader-skin.php(47): WP_Upgrader_Skin->request_filesystem_credentials(false, '/var/www/html/', true)
#1 /var/www/html/wp-admin/includes/class-wp-automatic-updater.php(144): Automatic_Upgrader_Skin->request_filesystem_credentials(false, '/var/www/html/', true)
#2 /var/www/html/wp-admin/includes/update.php(85): WP_Automatic_Updater->should_update('core', Object(stdClass), '/var/www/html/')
#3 /var/www/html/wp-includes/update.php(215): find_core_auto_update()
#4 /var/www/html/wp-includes/class-wp-hook.php(286): wp_version_check()
#5 /var/www/html/wp-includes/class-wp-hook.php(310): WP_Hook->apply_filters('', Array)
#6 /var/www/html/wp-includes/plugin.php(515): WP_Hook->do_action(Array)
#7 /var/www/html/wp-cron.php(126): do_action_ref_array('wp_version_chec...', Array)
#8 {main}
  thrown

2018-02-21T00:42:37+00:00 CRITICAL Uncaught Error: Call to undefined function request_filesystem_credentials() in /var/www/html/wp-admin/includes/class-wp-upgrader-skin.php:93
Stack trace:
#0 /var/www/html/wp-admin/includes/class-automatic-upgrader-skin.php(47): WP_Upgrader_Skin->request_filesystem_credentials(false, '/var/www/html/', true)
#1 /var/www/html/wp-admin/includes/class-wp-automatic-updater.php(144): Automatic_Upgrader_Skin->request_filesystem_credentials(false, '/var/www/html/', true)
#2 /var/www/html/wp-admin/includes/update.php(85): WP_Automatic_Updater->should_update('core', Object(stdClass), '/var/www/html/')
#3 /var/www/html/wp-includes/update.php(215): find_core_auto_update()
#4 /var/www/html/wp-includes/class-wp-hook.php(286): wp_version_check()
#5 /var/www/html/wp-includes/class-wp-hook.php(310): WP_Hook->apply_filters('', Array)
#6 /var/www/html/wp-includes/plugin.php(515): WP_Hook->do_action(Array)
#7 /var/www/html/wp-cron.php(126): do_action_ref_array('wp_version_chec...', Array)
#8 {main}
  thrown

2018-02-21T12:36:53+00:00 CRITICAL Uncaught Error: Call to undefined function request_filesystem_credentials() in /var/www/html/wp-admin/includes/class-wp-upgrader-skin.php:93
Stack trace:
#0 /var/www/html/wp-admin/includes/class-automatic-upgrader-skin.php(47): WP_Upgrader_Skin->request_filesystem_credentials(false, '/var/www/html/', true)
#1 /var/www/html/wp-admin/includes/class-wp-automatic-updater.php(144): Automatic_Upgrader_Skin->request_filesystem_credentials(false, '/var/www/html/', true)
#2 /var/www/html/wp-admin/includes/update.php(85): WP_Automatic_Updater->should_update('core', Object(stdClass), '/var/www/html/')
#3 /var/www/html/wp-includes/update.php(215): find_core_auto_update()
#4 /var/www/html/wp-includes/class-wp-hook.php(286): wp_version_check()
#5 /var/www/html/wp-includes/class-wp-hook.php(310): WP_Hook->apply_filters('', Array)
#6 /var/www/html/wp-includes/plugin.php(515): WP_Hook->do_action(Array)
#7 /var/www/html/wp-cron.php(126): do_action_ref_array('wp_version_chec...', Array)
#8 {main}
  thrown

2018-02-22T00:49:40+00:00 CRITICAL Uncaught Error: Call to undefined function request_filesystem_credentials() in /var/www/html/wp-admin/includes/class-wp-upgrader-skin.php:93
Stack trace:
#0 /var/www/html/wp-admin/includes/class-automatic-upgrader-skin.php(47): WP_Upgrader_Skin->request_filesystem_credentials(false, '/var/www/html/', true)
#1 /var/www/html/wp-admin/includes/class-wp-automatic-updater.php(144): Automatic_Upgrader_Skin->request_filesystem_credentials(false, '/var/www/html/', true)
#2 /var/www/html/wp-admin/includes/update.php(85): WP_Automatic_Updater->should_update('core', Object(stdClass), '/var/www/html/')
#3 /var/www/html/wp-includes/update.php(215): find_core_auto_update()
#4 /var/www/html/wp-includes/class-wp-hook.php(286): wp_version_check()
#5 /var/www/html/wp-includes/class-wp-hook.php(310): WP_Hook->apply_filters('', Array)
#6 /var/www/html/wp-includes/plugin.php(515): WP_Hook->do_action(Array)
#7 /var/www/html/wp-cron.php(126): do_action_ref_array('wp_version_chec...', Array)
#8 {main}
  thrown

2018-02-22T12:40:31+00:00 CRITICAL Uncaught Error: Call to undefined function request_filesystem_credentials() in /var/www/html/wp-admin/includes/class-wp-upgrader-skin.php:93
Stack trace:
#0 /var/www/html/wp-admin/includes/class-automatic-upgrader-skin.php(47): WP_Upgrader_Skin->request_filesystem_credentials(false, '/var/www/html/', true)
#1 /var/www/html/wp-admin/includes/class-wp-automatic-updater.php(144): Automatic_Upgrader_Skin->request_filesystem_credentials(false, '/var/www/html/', true)
#2 /var/www/html/wp-admin/includes/update.php(85): WP_Automatic_Updater->should_update('core', Object(stdClass), '/var/www/html/')
#3 /var/www/html/wp-includes/update.php(215): find_core_auto_update()
#4 /var/www/html/wp-includes/class-wp-hook.php(286): wp_version_check()
#5 /var/www/html/wp-includes/class-wp-hook.php(310): WP_Hook->apply_filters('', Array)
#6 /var/www/html/wp-includes/plugin.php(515): WP_Hook->do_action(Array)
#7 /var/www/html/wp-cron.php(126): do_action_ref_array('wp_version_chec...', Array)
#8 {main}
  thrown

2018-02-23T01:05:44+00:00 CRITICAL Uncaught Error: Call to undefined function request_filesystem_credentials() in /var/www/html/wp-admin/includes/class-wp-upgrader-skin.php:93
Stack trace:
#0 /var/www/html/wp-admin/includes/class-automatic-upgrader-skin.php(47): WP_Upgrader_Skin->request_filesystem_credentials(false, '/var/www/html/', true)
#1 /var/www/html/wp-admin/includes/class-wp-automatic-updater.php(144): Automatic_Upgrader_Skin->request_filesystem_credentials(false, '/var/www/html/', true)
#2 /var/www/html/wp-admin/includes/update.php(85): WP_Automatic_Updater->should_update('core', Object(stdClass), '/var/www/html/')
#3 /var/www/html/wp-includes/update.php(215): find_core_auto_update()
#4 /var/www/html/wp-includes/class-wp-hook.php(286): wp_version_check()
#5 /var/www/html/wp-includes/class-wp-hook.php(310): WP_Hook->apply_filters('', Array)
#6 /var/www/html/wp-includes/plugin.php(515): WP_Hook->do_action(Array)
#7 /var/www/html/wp-cron.php(126): do_action_ref_array('wp_version_chec...', Array)
#8 {main}
  thrown

2018-02-23T15:24:31+00:00 CRITICAL Uncaught Error: Call to undefined function request_filesystem_credentials() in /var/www/html/wp-admin/includes/class-wp-upgrader-skin.php:93
Stack trace:
#0 /var/www/html/wp-admin/includes/class-automatic-upgrader-skin.php(47): WP_Upgrader_Skin->request_filesystem_credentials(false, '/var/www/html/', true)
#1 /var/www/html/wp-admin/includes/class-wp-automatic-updater.php(144): Automatic_Upgrader_Skin->request_filesystem_credentials(false, '/var/www/html/', true)
#2 /var/www/html/wp-admin/includes/update.php(85): WP_Automatic_Updater->should_update('core', Object(stdClass), '/var/www/html/')
#3 /var/www/html/wp-includes/update.php(215): find_core_auto_update()
#4 /var/www/html/wp-includes/class-wp-hook.php(286): wp_version_check()
#5 /var/www/html/wp-includes/class-wp-hook.php(310): WP_Hook->apply_filters('', Array)
#6 /var/www/html/wp-includes/plugin.php(515): WP_Hook->do_action(Array)
#7 /var/www/html/wp-cron.php(126): do_action_ref_array('wp_version_chec...', Array)
#8 {main}
  thrown

2018-02-24T22:08:00+00:00 CRITICAL Uncaught Error: Call to undefined function request_filesystem_credentials() in /var/www/html/wp-admin/includes/class-wp-upgrader-skin.php:93
Stack trace:
#0 /var/www/html/wp-admin/includes/class-automatic-upgrader-skin.php(47): WP_Upgrader_Skin->request_filesystem_credentials(false, '/var/www/html/', true)
#1 /var/www/html/wp-admin/includes/class-wp-automatic-updater.php(144): Automatic_Upgrader_Skin->request_filesystem_credentials(false, '/var/www/html/', true)
#2 /var/www/html/wp-admin/includes/update.php(85): WP_Automatic_Updater->should_update('core', Object(stdClass), '/var/www/html/')
#3 /var/www/html/wp-includes/update.php(215): find_core_auto_update()
#4 /var/www/html/wp-includes/class-wp-hook.php(286): wp_version_check()
#5 /var/www/html/wp-includes/class-wp-hook.php(310): WP_Hook->apply_filters('', Array)
#6 /var/www/html/wp-includes/plugin.php(515): WP_Hook->do_action(Array)
#7 /var/www/html/wp-cron.php(126): do_action_ref_array('wp_version_chec...', Array)
#8 {main}
  thrown

2018-02-25T01:32:18+00:00 CRITICAL Uncaught Error: Call to undefined function request_filesystem_credentials() in /var/www/html/wp-admin/includes/class-wp-upgrader-skin.php:93
Stack trace:
#0 /var/www/html/wp-admin/includes/class-automatic-upgrader-skin.php(47): WP_Upgrader_Skin->request_filesystem_credentials(false, '/var/www/html/', true)
#1 /var/www/html/wp-admin/includes/class-wp-automatic-updater.php(144): Automatic_Upgrader_Skin->request_filesystem_credentials(false, '/var/www/html/', true)
#2 /var/www/html/wp-admin/includes/update.php(85): WP_Automatic_Updater->should_update('core', Object(stdClass), '/var/www/html/')
#3 /var/www/html/wp-includes/update.php(215): find_core_auto_update()
#4 /var/www/html/wp-includes/class-wp-hook.php(286): wp_version_check()
#5 /var/www/html/wp-includes/class-wp-hook.php(310): WP_Hook->apply_filters('', Array)
#6 /var/www/html/wp-includes/plugin.php(515): WP_Hook->do_action(Array)
#7 /var/www/html/wp-cron.php(126): do_action_ref_array('wp_version_chec...', Array)
#8 {main}
  thrown

2018-02-25T12:56:07+00:00 CRITICAL Uncaught Error: Call to undefined function request_filesystem_credentials() in /var/www/html/wp-admin/includes/class-wp-upgrader-skin.php:93
Stack trace:
#0 /var/www/html/wp-admin/includes/class-automatic-upgrader-skin.php(47): WP_Upgrader_Skin->request_filesystem_credentials(false, '/var/www/html/', true)
#1 /var/www/html/wp-admin/includes/class-wp-automatic-updater.php(144): Automatic_Upgrader_Skin->request_filesystem_credentials(false, '/var/www/html/', true)
#2 /var/www/html/wp-admin/includes/update.php(85): WP_Automatic_Updater->should_update('core', Object(stdClass), '/var/www/html/')
#3 /var/www/html/wp-includes/update.php(215): find_core_auto_update()
#4 /var/www/html/wp-includes/class-wp-hook.php(286): wp_version_check()
#5 /var/www/html/wp-includes/class-wp-hook.php(310): WP_Hook->apply_filters('', Array)
#6 /var/www/html/wp-includes/plugin.php(515): WP_Hook->do_action(Array)
#7 /var/www/html/wp-cron.php(126): do_action_ref_array('wp_version_chec...', Array)
#8 {main}
  thrown

2018-02-26T00:47:57+00:00 CRITICAL Uncaught Error: Call to undefined function request_filesystem_credentials() in /var/www/html/wp-admin/includes/class-wp-upgrader-skin.php:93
Stack trace:
#0 /var/www/html/wp-admin/includes/class-automatic-upgrader-skin.php(47): WP_Upgrader_Skin->request_filesystem_credentials(false, '/var/www/html/', true)
#1 /var/www/html/wp-admin/includes/class-wp-automatic-updater.php(144): Automatic_Upgrader_Skin->request_filesystem_credentials(false, '/var/www/html/', true)
#2 /var/www/html/wp-admin/includes/update.php(85): WP_Automatic_Updater->should_update('core', Object(stdClass), '/var/www/html/')
#3 /var/www/html/wp-includes/update.php(215): find_core_auto_update()
#4 /var/www/html/wp-includes/class-wp-hook.php(286): wp_version_check()
#5 /var/www/html/wp-includes/class-wp-hook.php(310): WP_Hook->apply_filters('', Array)
#6 /var/www/html/wp-includes/plugin.php(515): WP_Hook->do_action(Array)
#7 /var/www/html/wp-cron.php(126): do_action_ref_array('wp_version_chec...', Array)
#8 {main}
  thrown

2018-02-27T00:36:15+00:00 CRITICAL Uncaught Error: Call to undefined function request_filesystem_credentials() in /var/www/html/wp-admin/includes/class-wp-upgrader-skin.php:93
Stack trace:
#0 /var/www/html/wp-admin/includes/class-automatic-upgrader-skin.php(47): WP_Upgrader_Skin->request_filesystem_credentials(false, '/var/www/html/', true)
#1 /var/www/html/wp-admin/includes/class-wp-automatic-updater.php(144): Automatic_Upgrader_Skin->request_filesystem_credentials(false, '/var/www/html/', true)
#2 /var/www/html/wp-admin/includes/update.php(85): WP_Automatic_Updater->should_update('core', Object(stdClass), '/var/www/html/')
#3 /var/www/html/wp-includes/update.php(215): find_core_auto_update()
#4 /var/www/html/wp-includes/class-wp-hook.php(286): wp_version_check()
#5 /var/www/html/wp-includes/class-wp-hook.php(310): WP_Hook->apply_filters('', Array)
#6 /var/www/html/wp-includes/plugin.php(515): WP_Hook->do_action(Array)
#7 /var/www/html/wp-cron.php(126): do_action_ref_array('wp_version_chec...', Array)
#8 {main}
  thrown

2018-02-27T12:20:29+00:00 CRITICAL Uncaught Error: Call to undefined function request_filesystem_credentials() in /var/www/html/wp-admin/includes/class-wp-upgrader-skin.php:93
Stack trace:
#0 /var/www/html/wp-admin/includes/class-automatic-upgrader-skin.php(47): WP_Upgrader_Skin->request_filesystem_credentials(false, '/var/www/html/', true)
#1 /var/www/html/wp-admin/includes/class-wp-automatic-updater.php(144): Automatic_Upgrader_Skin->request_filesystem_credentials(false, '/var/www/html/', true)
#2 /var/www/html/wp-admin/includes/update.php(85): WP_Automatic_Updater->should_update('core', Object(stdClass), '/var/www/html/')
#3 /var/www/html/wp-includes/update.php(215): find_core_auto_update()
#4 /var/www/html/wp-includes/class-wp-hook.php(286): wp_version_check()
#5 /var/www/html/wp-includes/class-wp-hook.php(310): WP_Hook->apply_filters('', Array)
#6 /var/www/html/wp-includes/plugin.php(515): WP_Hook->do_action(Array)
#7 /var/www/html/wp-cron.php(126): do_action_ref_array('wp_version_chec...', Array)
#8 {main}
  thrown

